<?xml version="1.0" encoding="UTF-8"?>
<!-- Generated by org.testng.reporters.JUnitReportReporter -->
<testsuite hostname="win2019" failures="0" tests="1" name="com.HandlingAlerts.AlertUserPassword" time="5.634" errors="0" timestamp="2024-08-22T03:31:59 PDT" skipped="0">
  <testcase classname="com.HandlingAlerts.AlertUserPassword" name="TestPopups" time="5.634"/>
  <system-out/>
</testsuite> <!-- com.HandlingAlerts.AlertUserPassword -->
